-------------------------------------------------------------------------------
Test set: TestSuite
-------------------------------------------------------------------------------
Tests run: 6, Failures: 5, Errors: 0, Skipped: 0, Time elapsed: 281.487 sec <<< FAILURE!
Test(com.test1.tests.LoginTest)  Time elapsed: 41.124 sec  <<< FAILURE!
org.openqa.selenium.WebDriverException: Element is not clickable at point (233.38333129882812, 20). Other element would receive the click: <div class="modalCentered" style="margin-bottom: -216px;" id="modalCenter"></div>
Command duration or timeout: 85 milliseconds
Build info: version: '2.53.0', revision: '35ae25b1534ae328c771e0856c93e187490ca824', time: '2016-03-15 10:43:46'
System info: host: 'SYS0000', ip: '169.254.194.43', os.name: 'Windows 10', os.arch: 'amd64', os.version: '10.0', java.version: '1.8.0_65'
Driver info: org.openqa.selenium.firefox.FirefoxDriver
Capabilities [{applicationCacheEnabled=true, rotatable=false, handlesAlerts=true, databaseEnabled=true, version=43.0.4, platform=WINDOWS, nativeEvents=false, acceptSslCerts=true, webStorageEnabled=true, locationContextEnabled=true, browserName=firefox, takesScreenshot=true, javascriptEnabled=true, cssSelectorsEnabled=true}]
Session ID: 056b18ff-47aa-41fc-98fb-12a05cd1771e
	at sun.reflect.NativeConstructorAccessorImpl.newInstance0(Native Method)
	at sun.reflect.NativeConstructorAccessorImpl.newInstance(NativeConstructorAccessorImpl.java:62)
	at sun.reflect.DelegatingConstructorAccessorImpl.newInstance(DelegatingConstructorAccessorImpl.java:45)
	at java.lang.reflect.Constructor.newInstance(Constructor.java:422)
	at org.openqa.selenium.remote.ErrorHandler.createThrowable(ErrorHandler.java:206)
	at org.openqa.selenium.remote.ErrorHandler.throwIfResponseFailed(ErrorHandler.java:158)
	at org.openqa.selenium.remote.RemoteWebDriver.execute(RemoteWebDriver.java:678)
	at org.openqa.selenium.remote.RemoteWebElement.execute(RemoteWebElement.java:327)
	at org.openqa.selenium.remote.RemoteWebElement.click(RemoteWebElement.java:85)
	at com.test1.ActionsLogs.ActionsLogs.click(ActionsLogs.java:37)
	at com.test1.pages.TreesPage.actionsOnATree(TreesPage.java:18)
	at com.test1.tests.LoginTest.Test(LoginTest.java:42)

Test(com.test1.tests.LoginTest)  Time elapsed: 50.651 sec  <<< FAILURE!
java.lang.AssertionError: Time out exception is occurred
	at com.test1.ActionsLogs.ActionsLogs.getWebElement(ActionsLogs.java:58)
	at com.test1.ActionsLogs.ActionsLogs.click(ActionsLogs.java:36)
	at com.test1.pages.LoginPage.Login(LoginPage.java:23)
	at com.test1.tests.LoginTest.Test(LoginTest.java:37)

Test(com.test1.tests.LoginTest)  Time elapsed: 50.61 sec  <<< FAILURE!
java.lang.AssertionError: Time out exception is occurred
	at com.test1.ActionsLogs.ActionsLogs.getWebElement(ActionsLogs.java:58)
	at com.test1.ActionsLogs.ActionsLogs.click(ActionsLogs.java:36)
	at com.test1.pages.LoginPage.Login(LoginPage.java:23)
	at com.test1.tests.LoginTest.Test(LoginTest.java:37)

Test(com.test1.tests.LoginTest)  Time elapsed: 50.404 sec  <<< FAILURE!
java.lang.AssertionError: Time out exception is occurred
	at com.test1.ActionsLogs.ActionsLogs.getWebElement(ActionsLogs.java:58)
	at com.test1.ActionsLogs.ActionsLogs.click(ActionsLogs.java:36)
	at com.test1.pages.LoginPage.Login(LoginPage.java:23)
	at com.test1.tests.LoginTest.Test(LoginTest.java:37)

Test(com.test1.tests.LoginTest)  Time elapsed: 50.434 sec  <<< FAILURE!
java.lang.AssertionError: Time out exception is occurred
	at com.test1.ActionsLogs.ActionsLogs.getWebElement(ActionsLogs.java:58)
	at com.test1.ActionsLogs.ActionsLogs.click(ActionsLogs.java:36)
	at com.test1.pages.LoginPage.Login(LoginPage.java:23)
	at com.test1.tests.LoginTest.Test(LoginTest.java:37)

