<?xml version="1.0" encoding="UTF-8"?>
<testsuite name="test1"
           tests="3"
           failures="1"
           errors="0"
           skipped="2"
           time="0.002">
  <properties />
            <testcase name="btest" time="0.000" classname="com.test1.tests.LoginTest">
                <failure type="org.openqa.selenium.WebDriverException"
                  message="Failed to connect to binary FirefoxBinary(C:\Program Files (x86)\Mozilla Firefox\firefox.exe) on port 7055; process output follows: 
null
Build info: version: &apos;2.53.0&apos;, revision: &apos;35ae25b&apos;, time: &apos;2016-03-15 17:00:58&apos;
System info: host: &apos;DESKTOP-3M8SP9R&apos;, ip: &apos;192.168.22.1&apos;, os.name: &apos;Windows 10&apos;, os.arch: &apos;amd64&apos;, os.version: &apos;10.0&apos;, java.version: &apos;1.8.0_60&apos;
Driver info: driver.version: FirefoxDriver"
              >
<![CDATA[org.openqa.selenium.WebDriverException: Failed to connect to binary FirefoxBinary(C:\Program Files (x86)\Mozilla Firefox\firefox.exe) on port 7055; process output follows: 
null
Build info: version: '2.53.0', revision: '35ae25b', time: '2016-03-15 17:00:58'
System info: host: 'DESKTOP-3M8SP9R', ip: '192.168.22.1', os.name: 'Windows 10', os.arch: 'amd64', os.version: '10.0', java.version: '1.8.0_60'
Driver info: driver.version: FirefoxDriver
  org.openqa.selenium.firefox.internal.NewProfileExtensionConnection.start(NewProfileExtensionConnection.java:128)
  org.openqa.selenium.firefox.FirefoxDriver.startClient(FirefoxDriver.java:271)
  org.openqa.selenium.remote.RemoteWebDriver.<init>(RemoteWebDriver.java:119)
  org.openqa.selenium.firefox.FirefoxDriver.<init>(FirefoxDriver.java:218)
  org.openqa.selenium.firefox.FirefoxDriver.<init>(FirefoxDriver.java:211)
  org.openqa.selenium.firefox.FirefoxDriver.<init>(FirefoxDriver.java:207)
  org.openqa.selenium.firefox.FirefoxDriver.<init>(FirefoxDriver.java:124)
  com.base.SeleniumDrivers.DriverD(SeleniumDrivers.java:31)
  com.test1.tests.LoginTest.btest(LoginTest.java:30)
  sun.reflect.NativeMethodAccessorImpl.invoke0(Native Method)
  sun.reflect.NativeMethodAccessorImpl.invoke(NativeMethodAccessorImpl.java:62)
  sun.reflect.DelegatingMethodAccessorImpl.invoke(DelegatingMethodAccessorImpl.java:43)
  java.lang.reflect.Method.invoke(Method.java:497)
  org.testng.internal.MethodInvocationHelper.invokeMethod(MethodInvocationHelper.java:85)
  org.testng.internal.Invoker.invokeConfigurationMethod(Invoker.java:510)
  org.testng.internal.Invoker.invokeConfigurations(Invoker.java:211)
  org.testng.internal.Invoker.invokeConfigurations(Invoker.java:138)
  org.testng.TestRunner.beforeRun(TestRunner.java:648)
  org.testng.TestRunner.run(TestRunner.java:616)
  org.testng.SuiteRunner.runTest(SuiteRunner.java:359)
  org.testng.SuiteRunner.runSequentially(SuiteRunner.java:354)
  org.testng.SuiteRunner.privateRun(SuiteRunner.java:312)
  org.testng.SuiteRunner.run(SuiteRunner.java:261)
  org.testng.SuiteRunnerWorker.runSuite(SuiteRunnerWorker.java:52)
  org.testng.SuiteRunnerWorker.run(SuiteRunnerWorker.java:86)
  org.testng.TestNG.runSuitesSequentially(TestNG.java:1215)
  org.testng.TestNG.runSuitesLocally(TestNG.java:1140)
  org.testng.TestNG.run(TestNG.java:1048)
  org.testng.remote.RemoteTestNG.run(RemoteTestNG.java:112)
  org.testng.remote.RemoteTestNG.initAndRun(RemoteTestNG.java:205)
  org.testng.remote.RemoteTestNG.main(RemoteTestNG.java:176)
Caused by: org.openqa.selenium.WebDriverException: Unable to create temporary file at C:\Windows
Build info: version: '2.53.0', revision: '35ae25b', time: '2016-03-15 17:00:58'
System info: host: 'DESKTOP-3M8SP9R', ip: '192.168.22.1', os.name: 'Windows 10', os.arch: 'amd64', os.version: '10.0', java.version: '1.8.0_60'
Driver info: driver.version: FirefoxDriver
  org.openqa.selenium.io.TemporaryFilesystem.createTempDir(TemporaryFilesystem.java:98)
  org.openqa.selenium.firefox.FirefoxProfile.layoutOnDisk(FirefoxProfile.java:417)
  org.openqa.selenium.firefox.internal.NewProfileExtensionConnection.start(NewProfileExtensionConnection.java:85)
  org.openqa.selenium.firefox.FirefoxDriver.startClient(FirefoxDriver.java:271)
  org.openqa.selenium.remote.RemoteWebDriver.<init>(RemoteWebDriver.java:119)
  org.openqa.selenium.firefox.FirefoxDriver.<init>(FirefoxDriver.java:218)
  org.openqa.selenium.firefox.FirefoxDriver.<init>(FirefoxDriver.java:211)
  org.openqa.selenium.firefox.FirefoxDriver.<init>(FirefoxDriver.java:207)
  org.openqa.selenium.firefox.FirefoxDriver.<init>(FirefoxDriver.java:124)
  com.base.SeleniumDrivers.DriverD(SeleniumDrivers.java:31)
  com.test1.tests.LoginTest.btest(LoginTest.java:30)
  sun.reflect.NativeMethodAccessorImpl.invoke0(Native Method)
  sun.reflect.NativeMethodAccessorImpl.invoke(NativeMethodAccessorImpl.java:62)
  sun.reflect.DelegatingMethodAccessorImpl.invoke(DelegatingMethodAccessorImpl.java:43)
  java.lang.reflect.Method.invoke(Method.java:497)
  org.testng.internal.MethodInvocationHelper.invokeMethod(MethodInvocationHelper.java:85)
  org.testng.internal.Invoker.invokeConfigurationMethod(Invoker.java:510)
  org.testng.internal.Invoker.invokeConfigurations(Invoker.java:211)
  org.testng.internal.Invoker.invokeConfigurations(Invoker.java:138)
  org.testng.TestRunner.beforeRun(TestRunner.java:648)
  org.testng.TestRunner.run(TestRunner.java:616)
  org.testng.SuiteRunner.runTest(SuiteRunner.java:359)
  org.testng.SuiteRunner.runSequentially(SuiteRunner.java:354)
  org.testng.SuiteRunner.privateRun(SuiteRunner.java:312)
  org.testng.SuiteRunner.run(SuiteRunner.java:261)
  org.testng.SuiteRunnerWorker.runSuite(SuiteRunnerWorker.java:52)
  org.testng.SuiteRunnerWorker.run(SuiteRunnerWorker.java:86)
  org.testng.TestNG.runSuitesSequentially(TestNG.java:1215)
  org.testng.TestNG.runSuitesLocally(TestNG.java:1140)
  org.testng.TestNG.run(TestNG.java:1048)
  org.testng.remote.RemoteTestNG.run(RemoteTestNG.java:112)
  org.testng.remote.RemoteTestNG.initAndRun(RemoteTestNG.java:205)
  org.testng.remote.RemoteTestNG.main(RemoteTestNG.java:176)
]]>
      </failure>

          </testcase>
  
            <testcase name="Atest" time="0.0" classname="com.test1.tests.LoginTest">
          <skipped />
    </testcase>
            <testcase name="Test" time="0.0" classname="com.test1.tests.LoginTest">
          <skipped />
    </testcase>
  
  
</testsuite>
